<?xml version='1.0' encoding='UTF-8'?>
<result>
  <suites>
    <suite>
      <file>/Users/johnsmart/Projects/Books/continuous-integration-with-hudson/resources/book-examples/chapter-automated-tests/hudson-data/jobs/gameoflife-default-freestyle/workspace/target/surefire-reports/TEST-com.ciwithhudson.gameoflife.domain.CellTest.xml</file>
      <name>com.ciwithhudson.gameoflife.domain.CellTest</name>
      <duration>0.0010</duration>
      <cases>
        <case>
          <duration>0.0</duration>
          <className>com.ciwithhudson.gameoflife.domain.CellTest</className>
          <testName>aLivingCellShouldPrintAsAPlus</testName>
          <skipped>false</skipped>
          <failedSince>0</failedSince>
        </case>
        <case>
          <duration>0.0</duration>
          <className>com.ciwithhudson.gameoflife.domain.CellTest</className>
          <testName>aDeadCellShouldPrintAsAPlus</testName>
          <skipped>false</skipped>
          <failedSince>0</failedSince>
        </case>
        <case>
          <duration>0.0010</duration>
          <className>com.ciwithhudson.gameoflife.domain.CellTest</className>
          <testName>thePlusSymbolShouldProduceALivingCell</testName>
          <skipped>false</skipped>
          <failedSince>0</failedSince>
        </case>
        <case>
          <duration>0.0</duration>
          <className>com.ciwithhudson.gameoflife.domain.CellTest</className>
          <testName>theMinusSymbolShouldProduceADeadCell</testName>
          <skipped>false</skipped>
          <failedSince>0</failedSince>
        </case>
      </cases>
    </suite>
    <suite>
      <file>/Users/johnsmart/Projects/Books/continuous-integration-with-hudson/resources/book-examples/chapter-automated-tests/hudson-data/jobs/gameoflife-default-freestyle/workspace/target/surefire-reports/TEST-com.ciwithhudson.gameoflife.domain.GridTest.xml</file>
      <name>com.ciwithhudson.gameoflife.domain.GridTest</name>
      <duration>0.01</duration>
      <cases>
        <case>
          <duration>0.01</duration>
          <className>com.ciwithhudson.gameoflife.domain.GridTest</className>
          <testName>shouldCountZeroWhenAllNeighboursAreDead</testName>
          <skipped>false</skipped>
          <failedSince>0</failedSince>
        </case>
        <case>
          <duration>0.0</duration>
          <className>com.ciwithhudson.gameoflife.domain.GridTest</className>
          <testName>shouldCountZeroInCornersWhenAllNeighboursAreDead</testName>
          <skipped>false</skipped>
          <failedSince>0</failedSince>
        </case>
      </cases>
    </suite>
    <suite>
      <file>/Users/johnsmart/Projects/Books/continuous-integration-with-hudson/resources/book-examples/chapter-automated-tests/hudson-data/jobs/gameoflife-default-freestyle/workspace/target/surefire-reports/TEST-com.ciwithhudson.gameoflife.domain.UniverseTest.xml</file>
      <name>com.ciwithhudson.gameoflife.domain.UniverseTest</name>
      <duration>0.010000001</duration>
      <cases>
        <case>
          <duration>0.0010</duration>
          <className>com.ciwithhudson.gameoflife.domain.UniverseTest</className>
          <testName>aUniverseIsATwoDimentionalGridOfCells</testName>
          <skipped>false</skipped>
          <failedSince>0</failedSince>
        </case>
        <case>
          <duration>0.0</duration>
          <className>com.ciwithhudson.gameoflife.domain.UniverseTest</className>
          <testName>theUniverseIsInitiallyVoidOfLife</testName>
          <skipped>false</skipped>
          <failedSince>0</failedSince>
        </case>
        <case>
          <duration>0.0</duration>
          <className>com.ciwithhudson.gameoflife.domain.UniverseTest</className>
          <testName>aNewVersionOfTheUniverseEvolvesEachGeneration</testName>
          <skipped>false</skipped>
          <failedSince>0</failedSince>
        </case>
        <case>
          <duration>0.0</duration>
          <className>com.ciwithhudson.gameoflife.domain.UniverseTest</className>
          <testName>toStringShouldPrintTheFullCellGrid</testName>
          <skipped>false</skipped>
          <failedSince>0</failedSince>
        </case>
        <case>
          <duration>0.0</duration>
          <className>com.ciwithhudson.gameoflife.domain.UniverseTest</className>
          <testName>anEmptyGridCanBeInitializedWithAFormattedGridString</testName>
          <skipped>false</skipped>
          <failedSince>0</failedSince>
        </case>
        <case>
          <duration>0.0010</duration>
          <className>com.ciwithhudson.gameoflife.domain.UniverseTest</className>
          <testName>aPopulatedGridCanBeInitializedWithAFormattedGridString</testName>
          <skipped>false</skipped>
          <failedSince>0</failedSince>
        </case>
        <case>
          <duration>0.0010</duration>
          <className>com.ciwithhudson.gameoflife.domain.UniverseTest</className>
          <testName>aLiveCellWithNoNeighboursWillDieInTheNextGeneration</testName>
          <skipped>false</skipped>
          <failedSince>0</failedSince>
        </case>
        <case>
          <duration>0.0010</duration>
          <className>com.ciwithhudson.gameoflife.domain.UniverseTest</className>
          <testName>aLiveCellWithOneNeighbourWillDieInTheNextGeneration</testName>
          <skipped>false</skipped>
          <failedSince>0</failedSince>
        </case>
        <case>
          <duration>0.0</duration>
          <className>com.ciwithhudson.gameoflife.domain.UniverseTest</className>
          <testName>aLiveCellWithTwoNeighboursWillLiveInTheNextGeneration</testName>
          <skipped>false</skipped>
          <failedSince>0</failedSince>
        </case>
        <case>
          <duration>0.0010</duration>
          <className>com.ciwithhudson.gameoflife.domain.UniverseTest</className>
          <testName>aLiveCellWithThreeNeighboursWillLiveInTheNextGeneration</testName>
          <skipped>false</skipped>
          <failedSince>0</failedSince>
        </case>
        <case>
          <duration>0.0010</duration>
          <className>com.ciwithhudson.gameoflife.domain.UniverseTest</className>
          <testName>aLiveCellWithFourNeighboursAboveWillDieInTheNextGeneration</testName>
          <skipped>false</skipped>
          <failedSince>0</failedSince>
        </case>
        <case>
          <duration>0.0010</duration>
          <className>com.ciwithhudson.gameoflife.domain.UniverseTest</className>
          <testName>aLiveCellWithFourNeighboursBelowWillDieInTheNextGeneration</testName>
          <skipped>false</skipped>
          <failedSince>0</failedSince>
        </case>
        <case>
          <duration>0.0</duration>
          <className>com.ciwithhudson.gameoflife.domain.UniverseTest</className>
          <testName>aLiveCellWithFiveNeighboursWillDieInTheNextGeneration</testName>
          <skipped>false</skipped>
          <failedSince>0</failedSince>
        </case>
        <case>
          <duration>0.0</duration>
          <className>com.ciwithhudson.gameoflife.domain.UniverseTest</className>
          <testName>aLiveCellWithSixNeighboursWillDieInTheNextGeneration</testName>
          <skipped>false</skipped>
          <failedSince>0</failedSince>
        </case>
        <case>
          <duration>0.0</duration>
          <className>com.ciwithhudson.gameoflife.domain.UniverseTest</className>
          <testName>aDeadCellWithThreeNeighboursWillLiveInTheNextGeneration</testName>
          <skipped>false</skipped>
          <failedSince>0</failedSince>
        </case>
        <case>
          <duration>0.0030</duration>
          <className>com.ciwithhudson.gameoflife.domain.UniverseTest</className>
          <testName>aUniverseCanHaveManySuccessiveGeneration</testName>
          <skipped>false</skipped>
          <failedSince>0</failedSince>
        </case>
      </cases>
    </suite>
  </suites>
  <duration>0.021000002</duration>
</result>